0 info it worked if it ends with ok
1 verbose cli [ 'C:\\D-disk\\Annet\\NodeJs\\node.exe',
1 verbose cli   'C:\\D-disk\\Annet\\NodeJs\\node_modules\\npm\\bin\\npm-cli.js',
1 verbose cli   'run',
1 verbose cli   'devstart' ]
2 info using npm@3.10.10
3 info using node@v6.11.3
4 verbose run-script [ 'predevstart', 'devstart', 'postdevstart' ]
5 info lifecycle app@0.0.0~predevstart: app@0.0.0
6 silly lifecycle app@0.0.0~predevstart: no script for predevstart, continuing
7 info lifecycle app@0.0.0~devstart: app@0.0.0
8 verbose lifecycle app@0.0.0~devstart: unsafe-perm in lifecycle true
9 verbose lifecycle app@0.0.0~devstart: PATH: C:\D-disk\Annet\NodeJs\node_modules\npm\bin\node-gyp-bin;c:\jotne\Git\Git-Repo\taskmaster\app\node_modules\.bin;C:\Users\Aslak\AppData\Roaming\npm;C:\D-disk\Annet\NodeJs\;C:\Windows\system32;C:\Windows;C:\Windows\System32\Wbem;C:\Windows\System32\WindowsPowerShell\v1.0\;C:\Program Files\Intel\WiFi\bin\;C:\Program Files\Common Files\Intel\WirelessCommon\;C:\Program Files (x86)\NVIDIA Corporation\PhysX\Common;C:\WINDOWS\system32;C:\WINDOWS;C:\WINDOWS\System32\Wbem;C:\WINDOWS\System32\WindowsPowerShell\v1.0\;C:\D-disk\Annet\Brackets\command;C:\Users\Aslak\AppData\Local\atom\bin;C:\Users\Aslak\AppData\Local\GitHubDesktop\app-0.8.0\resources\app\git\cmd;C:\D-disk\Annet\NodeJs\;C:\D-disk\Annet\Git\cmd;C:\python36-32\Scripts\;C:\python36-32\;C:\Users\Aslak\AppData\Local\Microsoft\WindowsApps;C:\Program Files\Intel\WiFi\bin\;C:\Program Files\Common Files\Intel\WirelessCommon\;C:\Users\Aslak\AppData\Local\atom\bin;C:\Users\Aslak\AppData\Local\GitHubDesktop\bin;C:\Users\Aslak\AppData\Roaming\npm
10 verbose lifecycle app@0.0.0~devstart: CWD: c:\jotne\Git\Git-Repo\taskmaster\app
11 silly lifecycle app@0.0.0~devstart: Args: [ '/d /s /c', 'nodemon ./bin/www' ]
12 verbose stack Error: kill ENOSYS
12 verbose stack     at exports._errnoException (util.js:1020:11)
12 verbose stack     at process.kill (internal/process.js:190:13)
12 verbose stack     at process.listener (C:\D-disk\Annet\NodeJs\node_modules\npm\node_modules\npmlog\node_modules\gauge\node_modules\signal-exit\index.js:86:15)
12 verbose stack     at emitNone (events.js:91:20)
12 verbose stack     at process.emit (events.js:185:7)
12 verbose stack     at processEmit (C:\D-disk\Annet\NodeJs\node_modules\npm\node_modules\npmlog\node_modules\gauge\node_modules\signal-exit\index.js:146:32)
12 verbose stack     at processEmit (C:\D-disk\Annet\NodeJs\node_modules\npm\node_modules\npm-registry-client\node_modules\npmlog\node_modules\gauge\node_modules\signal-exit\index.js:146:32)
12 verbose stack     at Signal.wrap.onsignal (internal/process.js:217:44)
13 verbose cwd c:\jotne\Git\Git-Repo\taskmaster\app
14 error Windows_NT 10.0.15063
15 error argv "C:\\D-disk\\Annet\\NodeJs\\node.exe" "C:\\D-disk\\Annet\\NodeJs\\node_modules\\npm\\bin\\npm-cli.js" "run" "devstart"
16 error node v6.11.3
17 error npm  v3.10.10
18 error code ENOSYS
19 error errno ENOSYS
20 error syscall kill
21 error kill ENOSYS
22 error If you need help, you may report this error at:
22 error     <https://github.com/npm/npm/issues>
23 verbose exit [ 1, true ]
